Step: build-step-credential-initializer:

{"level":"warn","ts":1552342617.5548983,"logger":"fallback-logger","caller":"logging/config.go:65","msg":"Fetch GitHub commit ID from kodata failed: \"ref: refs/heads/test\" is not a valid GitHub commit ID"}
{"level":"info","ts":1552342617.5553966,"logger":"fallback-logger","caller":"creds-init/main.go:40","msg":"Credentials initialized."}
Step: build-step-git-source-0:

{"level":"warn","ts":1552342619.9542863,"logger":"fallback-logger","caller":"logging/config.go:65","msg":"Fetch GitHub commit ID from kodata failed: \"ref: refs/heads/test\" is not a valid GitHub commit ID"}
{"level":"info","ts":1552342620.7374454,"logger":"fallback-logger","caller":"git-init/main.go:92","msg":"Successfully cloned \"https://github.com/hcsjxdemo/hcs1.git\" @ \"master\" in path \"/workspace\""}
Step: build-step-jenkins:

Picked up _JAVA_OPTIONS: -Xmx400m
  14.662 [id=22]	WARNING	c.c.j.p.k.KubernetesCredentialProvider#convertSecret: Failed to convert Secret 'kaniko-secret' of type secretText due to secretText credential is missing the text
Started
Running in Durability level: PERFORMANCE_OPTIMIZED
  19.241 [id=30]	WARNING	i.f.k.c.i.VersionUsageUtils#alert: The client is using resource type 'customresourcedefinitions' with unstable version 'v1beta1'
[Pipeline] Start of Pipeline
[Pipeline] node
Running on Jenkins in /tmp/jenkinsTests.tmp/jenkins5453422324025887558test/workspace/job
[Pipeline] {
[Pipeline] stage
[Pipeline] { (Declarative: Checkout SCM)
[Pipeline] checkout
[Pipeline] }
[Pipeline] // stage
[Pipeline] withCredentials
[Pipeline] {
[Pipeline] withEnv
[Pipeline] {
[Pipeline] stage
[Pipeline] { (CI Build and push snapshot)
Stage "CI Build and push snapshot" skipped due to when conditional
[Pipeline] }
[Pipeline] // stage
[Pipeline] stage
[Pipeline] { (Build Release)
[Pipeline] git
 > git rev-parse --is-inside-work-tree # timeout=10
Fetching changes from the remote Git repository
 > git config remote.origin.url https://github.com/hcsjxdemo/hcs1.git # timeout=10
Fetching upstream changes from https://github.com/hcsjxdemo/hcs1.git
 > git --version # timeout=10
 > git fetch --tags --progress https://github.com/hcsjxdemo/hcs1.git +refs/heads/*:refs/remotes/origin/*
 > git rev-parse refs/remotes/origin/master^{commit} # timeout=10
 > git rev-parse refs/remotes/origin/origin/master^{commit} # timeout=10
Checking out Revision a44d6a5ea10a3e3321c9f3da056415d34b8ea354 (refs/remotes/origin/master)
 > git config core.sparsecheckout # timeout=10
 > git checkout -f a44d6a5ea10a3e3321c9f3da056415d34b8ea354
 > git branch -a -v --no-abbrev # timeout=10
 > git branch -D master # timeout=10
 > git checkout -b master a44d6a5ea10a3e3321c9f3da056415d34b8ea354
Commit message: "Draft create"
First time build. Skipping changelog.
[Pipeline] sh
+ jx-release-version
+ echo 0.0.1
[Pipeline] sh
+ cat VERSION
+ jx step tag --version 0.0.1
Tag v0.0.1 created and pushed to remote origin
[Pipeline] sh
+ npm install
npm notice created a lockfile as package-lock.json. You should commit this file.
npm WARN REPLACE_ME@1.0.0 No repository field.
npm WARN REPLACE_ME@1.0.0 No license field.

up to date in 0.083s
[Pipeline] sh
+ CI=true DISPLAY=:99 npm test

> REPLACE_ME@1.0.0 test /tmp/jenkinsTests.tmp/jenkins5453422324025887558test/workspace/job
> echo "no test specified" && exit 0

no test specified
[Pipeline] sh
+ cat VERSION
+ export VERSION=0.0.1
+ skaffold build -f skaffold.yaml
time="2019-03-11T22:19:00Z" level=warning msg="config version (skaffold/v1beta2) out of date: upgrading to latest (skaffold/v1beta6)"
Generating Tag for [changeme]...
Starting build...
Building [changeme]...
Sending build context to Docker daemon  107.5kB
Step 1/6 : FROM node:9-slim
9-slim: Pulling from library/node
5bba3ecb4cd6: Pulling fs layer
196b8e3c919d: Pulling fs layer
7d083412657b: Pulling fs layer
a88538b9cd05: Pulling fs layer
e01bd28a434b: Pulling fs layer
a88538b9cd05: Waiting
e01bd28a434b: Waiting
196b8e3c919d: Verifying Checksum
196b8e3c919d: Download complete
7d083412657b: Verifying Checksum
7d083412657b: Download complete
5bba3ecb4cd6: Verifying Checksum
5bba3ecb4cd6: Download complete
e01bd28a434b: Verifying Checksum
e01bd28a434b: Download complete
a88538b9cd05: Verifying Checksum
a88538b9cd05: Download complete
5bba3ecb4cd6: Pull complete
196b8e3c919d: Pull complete
7d083412657b: Pull complete
a88538b9cd05: Pull complete
e01bd28a434b: Pull complete
Digest: sha256:288b29c1925d65b2d7d8701f8ada201e7dcd066438c0fb4299c35dff129b893f
Status: Downloaded newer image for node:9-slim
 ---> e20bb4abe4ee
Step 2/6 : ENV PORT 8080
 ---> Running in 40051d05611d
 ---> d5e7baabfe6d
Step 3/6 : EXPOSE 8080
 ---> Running in 686da7d5db94
 ---> 6856dbdebb62
Step 4/6 : WORKDIR /usr/src/app
 ---> 657842604aa8
Step 5/6 : COPY . .
 ---> 7876bcb947df
Step 6/6 : CMD npm start
 ---> Running in 326f88adf2c2
 ---> f7047c8c84dc
Successfully built f7047c8c84dc
The push refers to a repository [10.15.252.186:5000/hcsjxdemo/hcs1]
603ebf582043: Preparing
fbcdc3ad6466: Preparing
e16c226cf2a8: Preparing
7fd597d009e4: Preparing
7c6ab5fb7059: Preparing
ed271eac23e9: Preparing
156ff16f37e4: Preparing
ed271eac23e9: Waiting
156ff16f37e4: Waiting
fbcdc3ad6466: Pushed
603ebf582043: Pushed
7c6ab5fb7059: Pushed
e16c226cf2a8: Pushed
ed271eac23e9: Pushed
156ff16f37e4: Pushed
7fd597d009e4: Pushed
0.0.1: digest: sha256:633608e7c8735f69e79674095cb42752b0abdedc88f4141e568252f2d98190dd size: 1786
Build complete in 23.036274824s
Starting test...
Test complete in 7.616µs
changeme -> 10.15.252.186:5000/hcsjxdemo/hcs1:0.0.1@sha256:633608e7c8735f69e79674095cb42752b0abdedc88f4141e568252f2d98190dd
[Pipeline] sh
+ cat VERSION
+ jx step post build --image 10.15.252.186:5000/hcsjxdemo/hcs1:0.0.1
[Pipeline] }
[Pipeline] // stage
[Pipeline] stage
[Pipeline] { (Promote to Environments)
[Pipeline] dir
Running in /tmp/jenkinsTests.tmp/jenkins5453422324025887558test/workspace/job/charts/hcs1
[Pipeline] {
[Pipeline] sh
+ cat ../../VERSION
+ jx step changelog --batch-mode --version v0.0.1
Converted /tmp/jenkinsTests.tmp/jenkins5453422324025887558test/workspace/job/charts/hcs1 to an unshallow repository
Generating change log from git ref a44d6a5ea10a3e3321c9f3da056415d34b8ea354 => 17f510008e01b2080ac5dca7b6af695fc53f2633
Failed to enrich commits with issues: User.jenkins.io "" is invalid: metadata.name: Required value: name or generateName is required
Failed to enrich commits with issues: User.jenkins.io "" is invalid: metadata.name: Required value: name or generateName is required
Finding issues in commit messages using git format
No release found for hcsjxdemo/hcs1 and tag v0.0.1 so creating a new release
Updated the release information at https://github.com/hcsjxdemo/hcs1/releases/tag/v0.0.1
generated: /tmp/jenkinsTests.tmp/jenkins5453422324025887558test/workspace/job/charts/hcs1/templates/release.yaml
Created Release hcs1-0-0-1 resource in namespace jx
Updating PipelineActivity hcsjxdemo-hcs1-master-1 with version 0.0.1
Updated PipelineActivities hcsjxdemo-hcs1-master-1 with release notes URL: https://github.com/hcsjxdemo/hcs1/releases/tag/v0.0.1
[Pipeline] sh
+ jx step helm release
No $CHART_REPOSITORY defined so using the default value of: http://jenkins-x-chartmuseum:8080
Adding missing Helm repo: jenkins-x http://chartmuseum.jenkins-x.io
Successfully added Helm repository jenkins-x.
Adding missing Helm repo: releases http://jenkins-x-chartmuseum:8080
Successfully added Helm repository releases.
No $CHART_REPOSITORY defined so using the default value of: http://jenkins-x-chartmuseum:8080
Uploading chart file hcs1-0.0.1.tgz to http://jenkins-x-chartmuseum:8080/api/charts
Received 201 response: {"saved":true}
[Pipeline] sh
+ cat ../../VERSION
+ jx promote -b --all-auto --timeout 1h --version 0.0.1
prow based install so skip waiting for the merge of Pull Requests to go green as currently there is an issue with gettingstatuses from the PR, see https://github.com/jenkins-x/jx/issues/2410
Promoting app hcs1 version 0.0.1 to namespace jx-staging
Created Pull Request: https://github.com/hcsjxdemo/environment-jenkins-x-hcs-staging/pull/1

Pull Request https://github.com/hcsjxdemo/environment-jenkins-x-hcs-staging/pull/1 is merged at sha 243dc48655cff3d54bdc1d3fb7b68472bc7bc21a
Pull Request merged but we are not waiting for the update pipeline to complete!
Could not find the service URL in namespace jx-staging for names hcs1, jx-hcs1, jx-staging-hcs1
[Pipeline] }
[Pipeline] // dir
[Pipeline] }
[Pipeline] // stage
[Pipeline] }
[Pipeline] // withEnv
[Pipeline] }
[Pipeline] // withCredentials
[Pipeline] }
[Pipeline] // node
[Pipeline] End of Pipeline
