Step: build-step-credential-initializer:

{"level":"warn","ts":1552343174.528526,"logger":"fallback-logger","caller":"logging/config.go:65","msg":"Fetch GitHub commit ID from kodata failed: \"ref: refs/heads/test\" is not a valid GitHub commit ID"}
{"level":"info","ts":1552343174.5304697,"logger":"fallback-logger","caller":"creds-init/main.go:40","msg":"Credentials initialized."}
Step: build-step-git-source-0:

{"level":"warn","ts":1552343175.6589854,"logger":"fallback-logger","caller":"logging/config.go:65","msg":"Fetch GitHub commit ID from kodata failed: \"ref: refs/heads/test\" is not a valid GitHub commit ID"}
{"level":"info","ts":1552343176.8115158,"logger":"fallback-logger","caller":"git-init/main.go:92","msg":"Successfully cloned \"https://github.com/hcsjxdemo/hcs1.git\" @ \"005f76c72e714d0aa9efbd1c9a72e8ff260fc2ec\" in path \"/workspace\""}
Step: build-step-jenkins:

Picked up _JAVA_OPTIONS: -Xmx400m
  15.019 [id=20]	WARNING	c.c.j.p.k.KubernetesCredentialProvider#convertSecret: Failed to convert Secret 'kaniko-secret' of type secretText due to secretText credential is missing the text
Started
Running in Durability level: PERFORMANCE_OPTIMIZED
  19.934 [id=30]	WARNING	i.f.k.c.i.VersionUsageUtils#alert: The client is using resource type 'customresourcedefinitions' with unstable version 'v1beta1'
[Pipeline] Start of Pipeline
[Pipeline] node
Running on Jenkins in /tmp/jenkinsTests.tmp/jenkins6627599677091647924test/workspace/job
[Pipeline] {
[Pipeline] stage
[Pipeline] { (Declarative: Checkout SCM)
[Pipeline] checkout
[Pipeline] }
[Pipeline] // stage
[Pipeline] withCredentials
[Pipeline] {
[Pipeline] withEnv
[Pipeline] {
[Pipeline] stage
[Pipeline] { (CI Build and push snapshot)
Stage "CI Build and push snapshot" skipped due to when conditional
[Pipeline] }
[Pipeline] // stage
[Pipeline] stage
[Pipeline] { (Build Release)
[Pipeline] git
 > git rev-parse --is-inside-work-tree # timeout=10
Fetching changes from the remote Git repository
 > git config remote.origin.url https://github.com/hcsjxdemo/hcs1.git # timeout=10
Fetching upstream changes from https://github.com/hcsjxdemo/hcs1.git
 > git --version # timeout=10
 > git fetch --tags --progress https://github.com/hcsjxdemo/hcs1.git +refs/heads/*:refs/remotes/origin/*
 > git rev-parse refs/remotes/origin/master^{commit} # timeout=10
 > git rev-parse refs/remotes/origin/origin/master^{commit} # timeout=10
Checking out Revision 005f76c72e714d0aa9efbd1c9a72e8ff260fc2ec (refs/remotes/origin/master)
 > git config core.sparsecheckout # timeout=10
 > git checkout -f 005f76c72e714d0aa9efbd1c9a72e8ff260fc2ec
 > git branch -a -v --no-abbrev # timeout=10
 > git branch -D master # timeout=10
 > git checkout -b master 005f76c72e714d0aa9efbd1c9a72e8ff260fc2ec
Commit message: "Update index.html"
First time build. Skipping changelog.
[Pipeline] sh
+ jx-release-version
+ echo 0.0.2
[Pipeline] sh
+ cat VERSION
+ jx step tag --version 0.0.2
Tag v0.0.2 created and pushed to remote origin
[Pipeline] sh
+ npm install
npm notice created a lockfile as package-lock.json. You should commit this file.
npm WARN REPLACE_ME@1.0.0 No repository field.
npm WARN REPLACE_ME@1.0.0 No license field.

up to date in 0.074s
[Pipeline] sh
+ CI=true DISPLAY=:99 npm test

> REPLACE_ME@1.0.0 test /tmp/jenkinsTests.tmp/jenkins6627599677091647924test/workspace/job
> echo "no test specified" && exit 0

no test specified
[Pipeline] sh
+ cat VERSION
+ export VERSION=0.0.2
+ skaffold build -f skaffold.yaml
time="2019-03-11T22:27:12Z" level=warning msg="config version (skaffold/v1beta2) out of date: upgrading to latest (skaffold/v1beta6)"
Generating Tag for [changeme]...
Starting build...
Building [changeme]...
Sending build context to Docker daemon  160.8kB
Step 1/6 : FROM node:9-slim
 ---> e20bb4abe4ee
Step 2/6 : ENV PORT 8080
 ---> Using cache
 ---> d5e7baabfe6d
Step 3/6 : EXPOSE 8080
 ---> Using cache
 ---> 6856dbdebb62
Step 4/6 : WORKDIR /usr/src/app
 ---> Using cache
 ---> 657842604aa8
Step 5/6 : COPY . .
 ---> bac6d0853c25
Step 6/6 : CMD npm start
 ---> Running in 5514ffbf9390
 ---> eedc60a45639
Successfully built eedc60a45639
The push refers to a repository [10.15.252.186:5000/hcsjxdemo/hcs1]
9bede5539cca: Preparing
fbcdc3ad6466: Preparing
e16c226cf2a8: Preparing
7fd597d009e4: Preparing
7c6ab5fb7059: Preparing
ed271eac23e9: Preparing
156ff16f37e4: Preparing
ed271eac23e9: Waiting
156ff16f37e4: Waiting
fbcdc3ad6466: Layer already exists
7fd597d009e4: Layer already exists
e16c226cf2a8: Layer already exists
ed271eac23e9: Layer already exists
156ff16f37e4: Layer already exists
7c6ab5fb7059: Layer already exists
9bede5539cca: Pushed
0.0.2: digest: sha256:d7a8d056bbd05b9f8f6e05de11e1907e2823ec5afad12cdf88c03f6bce590ac7 size: 1786
Build complete in 1.004141293s
Starting test...
Test complete in 10.281µs
changeme -> 10.15.252.186:5000/hcsjxdemo/hcs1:0.0.2@sha256:d7a8d056bbd05b9f8f6e05de11e1907e2823ec5afad12cdf88c03f6bce590ac7
[Pipeline] sh
+ cat VERSION
+ jx step post build --image 10.15.252.186:5000/hcsjxdemo/hcs1:0.0.2
[Pipeline] }
[Pipeline] // stage
[Pipeline] stage
[Pipeline] { (Promote to Environments)
[Pipeline] dir
Running in /tmp/jenkinsTests.tmp/jenkins6627599677091647924test/workspace/job/charts/hcs1
[Pipeline] {
[Pipeline] sh
+ cat ../../VERSION
+ jx step changelog --batch-mode --version v0.0.2
Converted /tmp/jenkinsTests.tmp/jenkins6627599677091647924test/workspace/job/charts/hcs1 to an unshallow repository
Generating change log from git ref 005f76c72e714d0aa9efbd1c9a72e8ff260fc2ec => 320b6312cda99eeb31e7822ebd0458a7f602aa62
Failed to enrich commits with issues: User.jenkins.io "" is invalid: metadata.name: Required value: name or generateName is required
Failed to enrich commits with issues: User.jenkins.io "" is invalid: metadata.name: Required value: name or generateName is required
Finding issues in commit messages using git format
No release found for hcsjxdemo/hcs1 and tag v0.0.2 so creating a new release
Updated the release information at https://github.com/hcsjxdemo/hcs1/releases/tag/v0.0.2
generated: /tmp/jenkinsTests.tmp/jenkins6627599677091647924test/workspace/job/charts/hcs1/templates/release.yaml
Created Release hcs1-0-0-2 resource in namespace jx
Updating PipelineActivity hcsjxdemo-hcs1-master-2 with version 0.0.2
Updated PipelineActivities hcsjxdemo-hcs1-master-2 with release notes URL: https://github.com/hcsjxdemo/hcs1/releases/tag/v0.0.2
[Pipeline] sh
+ jx step helm release
No $CHART_REPOSITORY defined so using the default value of: http://jenkins-x-chartmuseum:8080
Adding missing Helm repo: jenkins-x http://chartmuseum.jenkins-x.io
Successfully added Helm repository jenkins-x.
Adding missing Helm repo: releases http://jenkins-x-chartmuseum:8080
Successfully added Helm repository releases.
No $CHART_REPOSITORY defined so using the default value of: http://jenkins-x-chartmuseum:8080
Uploading chart file hcs1-0.0.2.tgz to http://jenkins-x-chartmuseum:8080/api/charts
Received 201 response: {"saved":true}
[Pipeline] sh
+ cat ../../VERSION
+ jx promote -b --all-auto --timeout 1h --version 0.0.2
prow based install so skip waiting for the merge of Pull Requests to go green as currently there is an issue with gettingstatuses from the PR, see https://github.com/jenkins-x/jx/issues/2410
Promoting app hcs1 version 0.0.2 to namespace jx-staging
Created Pull Request: https://github.com/hcsjxdemo/environment-jenkins-x-hcs-staging/pull/2

Pull Request https://github.com/hcsjxdemo/environment-jenkins-x-hcs-staging/pull/2 is merged at sha 272c37b606d1aec57f57ff77ff6f9d5220bc8130
Pull Request merged but we are not waiting for the update pipeline to complete!
[Pipeline] }
[Pipeline] // dir
[Pipeline] }
[Pipeline] // stage
[Pipeline] }
[Pipeline] // withEnv
[Pipeline] }
[Pipeline] // withCredentials
[Pipeline] }
[Pipeline] // node
[Pipeline] End of Pipeline
Finished: SUCCESS
